# JRE version: OpenJDK Runtime Environment Temurin-21.0.4+7 (21.0.4+7) (build 21.0.4+7-LTS)
# Java VM: OpenJDK 64-Bit Server VM Temurin-21.0.4+7 (21.0.4+7-LTS, mixed mode, emulated-client, tiered, compressed oops, compressed class ptrs, g1 gc, windows-amd64)
GC Precious Log:
 CardTable entry size: 512
 Card Set container configuration: InlinePtr #cards 5 size 8 Array Of Cards #cards 12 size 40 Howl #buckets 4 coarsen threshold 1843 Howl Bitmap #cards 512 size 80 coarsen threshold 460 Card regions per heap region 1 cards per card region 2048
 CPUs: 12 total, 12 available
 Memory: 7531M
 Large Page Support: Disabled
 NUMA Support: Disabled
 Compressed Oops: Enabled (32-bit)
 Heap Region Size: 1M
 Heap Min Capacity: 8M
 Heap Initial Capacity: 118M
 Heap Max Capacity: 1884M
 Pre-touch: Disabled
 Parallel Workers: 10
 Concurrent Workers: 3
 Concurrent Refinement Workers: 10
 Periodic GC: Disabled
Heap:
 garbage-first heap   total 304128K, used 240427K [0x000000008a400000, 0x0000000100000000)
  region size 1024K, 3 young (3072K), 3 survivors (3072K)
 Metaspace       used 91157K, committed 91968K, reserved 1179648K
  class space    used 12511K, committed 12864K, reserved 1048576K
GC Heap History (20 events):
Event: 5.077 GC heap after
{Heap after GC invocations=35 (full 0):
 garbage-first heap   total 214016K, used 91085K [0x000000008a400000, 0x0000000100000000)
  region size 1024K, 4 young (4096K), 4 survivors (4096K)
 Metaspace       used 77930K, committed 78656K, reserved 1179648K
  class space    used 10621K, committed 10944K, reserved 1048576K
}
Event: 6.019 GC heap before
{Heap before GC invocations=35 (full 0):
 garbage-first heap   total 214016K, used 156621K [0x000000008a400000, 0x0000000100000000)
  region size 1024K, 69 young (70656K), 4 survivors (4096K)
 Metaspace       used 86594K, committed 87424K, reserved 1179648K
  class space    used 11903K, committed 12288K, reserved 1048576K
}
Event: 6.025 GC heap after
{Heap after GC invocations=36 (full 0):
 garbage-first heap   total 214016K, used 96256K [0x000000008a400000, 0x0000000100000000)
  region size 1024K, 9 young (9216K), 9 survivors (9216K)
 Metaspace       used 86594K, committed 87424K, reserved 1179648K
  class space    used 11903K, committed 12288K, reserved 1048576K
}
Event: 6.657 GC heap before
{Heap before GC invocations=36 (full 0):
 garbage-first heap   total 214016K, used 111616K [0x000000008a400000, 0x0000000100000000)
  region size 1024K, 25 young (25600K), 9 survivors (9216K)
 Metaspace       used 87234K, committed 88064K, reserved 1179648K
  class space    used 11976K, committed 12352K, reserved 1048576K
}
Event: 6.664 GC heap after
{Heap after GC invocations=37 (full 0):
 garbage-first heap   total 214016K, used 111904K [0x000000008a400000, 0x0000000100000000)
  region size 1024K, 11 young (11264K), 11 survivors (11264K)
 Metaspace       used 87234K, committed 88064K, reserved 1179648K
  class space    used 11976K, committed 12352K, reserved 1048576K
}
Event: 7.561 GC heap before
{Heap before GC invocations=38 (full 0):
 garbage-first heap   total 214016K, used 166176K [0x000000008a400000, 0x0000000100000000)
  region size 1024K, 69 young (70656K), 11 survivors (11264K)
 Metaspace       used 87832K, committed 88640K, reserved 1179648K
  class space    used 12065K, committed 12416K, reserved 1048576K
}
Event: 7.578 GC heap after
{Heap after GC invocations=39 (full 0):
 garbage-first heap   total 235520K, used 161066K [0x000000008a400000, 0x0000000100000000)
  region size 1024K, 9 young (9216K), 9 survivors (9216K)
 Metaspace       used 87832K, committed 88640K, reserved 1179648K
  class space    used 12065K, committed 12416K, reserved 1048576K
}
Event: 7.972 GC heap before
{Heap before GC invocations=39 (full 0):
 garbage-first heap   total 235520K, used 203050K [0x000000008a400000, 0x0000000100000000)
  region size 1024K, 39 young (39936K), 9 survivors (9216K)
 Metaspace       used 87832K, committed 88640K, reserved 1179648K
  class space    used 12065K, committed 12416K, reserved 1048576K
}
Event: 7.980 GC heap after
{Heap after GC invocations=40 (full 0):
 garbage-first heap   total 239616K, used 167774K [0x000000008a400000, 0x0000000100000000)
  region size 1024K, 5 young (5120K), 5 survivors (5120K)
 Metaspace       used 87832K, committed 88640K, reserved 1179648K
  class space    used 12065K, committed 12416K, reserved 1048576K
}
Event: 8.164 GC heap before
{Heap before GC invocations=40 (full 0):
 garbage-first heap   total 239616K, used 196446K [0x000000008a400000, 0x0000000100000000)
  region size 1024K, 32 young (32768K), 5 survivors (5120K)
 Metaspace       used 89205K, committed 89984K, reserved 1179648K
  class space    used 12262K, committed 12608K, reserved 1048576K
}
Event: 8.170 GC heap after
{Heap after GC invocations=41 (full 0):
 garbage-first heap   total 239616K, used 188164K [0x000000008a400000, 0x0000000100000000)
  region size 1024K, 4 young (4096K), 4 survivors (4096K)
 Metaspace       used 89205K, committed 89984K, reserved 1179648K
  class space    used 12262K, committed 12608K, reserved 1048576K
}
Event: 8.474 GC heap before
{Heap before GC invocations=41 (full 0):
 garbage-first heap   total 239616K, used 198404K [0x000000008a400000, 0x0000000100000000)
  region size 1024K, 16 young (16384K), 4 survivors (4096K)
 Metaspace       used 91087K, committed 91904K, reserved 1179648K
  class space    used 12498K, committed 12864K, reserved 1048576K
}
Event: 8.477 GC heap after
{Heap after GC invocations=42 (full 0):
 garbage-first heap   total 239616K, used 191166K [0x000000008a400000, 0x0000000100000000)
  region size 1024K, 3 young (3072K), 3 survivors (3072K)
 Metaspace       used 91087K, committed 91904K, reserved 1179648K
  class space    used 12498K, committed 12864K, reserved 1048576K
}
Event: 21.120 GC heap before
{Heap before GC invocations=43 (full 0):
 garbage-first heap   total 283648K, used 195262K [0x000000008a400000, 0x0000000100000000)
  region size 1024K, 22 young (22528K), 3 survivors (3072K)
 Metaspace       used 91138K, committed 91968K, reserved 1179648K
  class space    used 12507K, committed 12864K, reserved 1048576K
}
Event: 21.123 GC heap after
{Heap after GC invocations=44 (full 0):
 garbage-first heap   total 283648K, used 172731K [0x000000008a400000, 0x0000000100000000)
  region size 1024K, 3 young (3072K), 3 survivors (3072K)
 Metaspace       used 91138K, committed 91968K, reserved 1179648K
  class space    used 12507K, committed 12864K, reserved 1048576K
}
Event: 22.143 GC heap before
{Heap before GC invocations=44 (full 0):
 garbage-first heap   total 283648K, used 234171K [0x000000008a400000, 0x0000000100000000)
  region size 1024K, 57 young (58368K), 3 survivors (3072K)
 Metaspace       used 91157K, committed 91968K, reserved 1179648K
  class space    used 12511K, committed 12864K, reserved 1048576K
}
Event: 22.157 GC heap after
{Heap after GC invocations=45 (full 0):
 garbage-first heap   total 295936K, used 205595K [0x000000008a400000, 0x0000000100000000)
  region size 1024K, 8 young (8192K), 8 survivors (8192K)
 Metaspace       used 91157K, committed 91968K, reserved 1179648K
  class space    used 12511K, committed 12864K, reserved 1048576K
}
Event: 22.488 GC heap before
{Heap before GC invocations=45 (full 0):
 garbage-first heap   total 295936K, used 248603K [0x000000008a400000, 0x0000000100000000)
  region size 1024K, 44 young (45056K), 8 survivors (8192K)
 Metaspace       used 91157K, committed 91968K, reserved 1179648K
  class space    used 12511K, committed 12864K, reserved 1048576K
}
Event: 22.501 GC heap after
{Heap after GC invocations=46 (full 0):
 garbage-first heap   total 304128K, used 238365K [0x000000008a400000, 0x0000000100000000)
  region size 1024K, 6 young (6144K), 6 survivors (6144K)
 Metaspace       used 91157K, committed 91968K, reserved 1179648K
  class space    used 12511K, committed 12864K, reserved 1048576K
}
Event: 22.525 GC heap before
{Heap before GC invocations=46 (full 0):
 garbage-first heap   total 304128K, used 239389K [0x000000008a400000, 0x0000000100000000)
  region size 1024K, 9 young (9216K), 6 survivors (6144K)
 Metaspace       used 91157K, committed 91968K, reserved 1179648K
  class space    used 12511K, committed 12864K, reserved 1048576K
}

